<?xml version="1.0" encoding="UTF-8"?>
<!-- Generated by org.testng.reporters.JUnitReportReporter -->
<testsuite hostname="IN-90DK1N3" failures="0" tests="1" name="testCases.LoginTest" time="17.241" errors="0" timestamp="2024-02-13T12:11:31 IST" skipped="0">
  <testcase classname="testCases.LoginTest" name="login" time="17.241"/>
  <system-out/>
</testsuite> <!-- testCases.LoginTest -->
