<?xml version="1.0" encoding="UTF-8"?>
<!-- Generated by org.testng.reporters.JUnitReportReporter -->
<testsuite hostname="IN-90DK1N3" failures="0" tests="2" name="testCases.LoginTest" time="0.000" errors="0" timestamp="2024-02-14T07:55:13 IST" skipped="0">
  <testcase classname="testCases.LoginTest" name="test1" time="0.000"/>
  <system-out/>
  <testcase classname="testCases.LoginTest" name="test2" time="0.000"/>
  <system-out/>
</testsuite> <!-- testCases.LoginTest -->
